<?xml version="1.0" encoding="UTF-8"?>
<!-- Generated by org.testng.reporters.JUnitReportReporter -->
<testsuite skipped="0" hostname="GopinathKumsi" name="com.test.PutTest" tests="1" failures="0" timestamp="2020-06-17T16:01:40 IST" time="4.522" errors="0">
  <testcase name="getPutTest" time="4.522" classname="com.test.PutTest"/>
</testsuite> <!-- com.test.PutTest -->
