<?xml version="1.0" encoding="UTF-8"?>
<!-- Generated by org.testng.reporters.JUnitReportReporter -->
<testsuite skipped="0" hostname="GopinathKumsi" name="com.test.SecondTest" tests="1" failures="0" timestamp="2020-06-17T15:50:34 IST" time="4.920" errors="0">
  <testcase name="getDetailsOfWeather" time="4.920" classname="com.test.SecondTest"/>
</testsuite> <!-- com.test.SecondTest -->
